Using pre-set license
Built from '2020.3/staging' branch; Version is '2020.3.0f1 (c7b5465681fb) revision 13088070'; Using compiler version '192528614'; Build Type 'Release'
OS: 'Windows 10 Education; OS build 19042.867; Version 2009; 64bit' Language: 'ru' Physical Memory: 16322 MB
BatchMode: 1, IsHumanControllingUs: 0, StartBugReporterOnCrash: 0, Is64bit: 1, IsPro: 0

 COMMAND LINE ARGUMENTS:
C:\Program Files\Unity\Hub\Editor\2020.3.0f1\Editor\Unity.exe
-adb2
-batchMode
-noUpm
-name
AssetImportWorker0
-projectPath
B:/GameDev/Clicker
-logFile
Logs/AssetImportWorker0.log
-srvPort
51705
Successfully changed project path to: B:/GameDev/Clicker
B:/GameDev/Clicker
Using Asset Import Pipeline V2.
Refreshing native plugins compatible for Editor in 31.40 ms, found 1 plugins.
Preloading 0 native plugins for Editor in 0.00 ms.
Initialize engine version: 2020.3.0f1 (c7b5465681fb)
[Subsystems] Discovering subsystems at path C:/Program Files/Unity/Hub/Editor/2020.3.0f1/Editor/Data/Resources/UnitySubsystems
[Subsystems] Discovering subsystems at path B:/GameDev/Clicker/Assets
GfxDevice: creating device client; threaded=0
Direct3D:
    Version:  Direct3D 11.0 [level 11.1]
    Renderer: NVIDIA GeForce GTX 1650 (ID=0x1f0a)
    Vendor:   
    VRAM:     3961 MB
    Driver:   27.21.14.6133
Initialize mono
Mono path[0] = 'C:/Program Files/Unity/Hub/Editor/2020.3.0f1/Editor/Data/Managed'
Mono path[1] = 'C:/Program Files/Unity/Hub/Editor/2020.3.0f1/Editor/Data/MonoBleedingEdge/lib/mono/unityjit'
Mono config path = 'C:/Program Files/Unity/Hub/Editor/2020.3.0f1/Editor/Data/MonoBleedingEdge/etc'
Using monoOptions --debugger-agent=transport=dt_socket,embedding=1,server=y,suspend=n,address=127.0.0.1:56412
Begin MonoManager ReloadAssembly
Registering precompiled unity dll's ...
Register platform support module: C:/Program Files/Unity/Hub/Editor/2020.3.0f1/Editor/Data/PlaybackEngines/WindowsStandaloneSupport/UnityEditor.WindowsStandalone.Extensions.dll
Registered in 0.001454 seconds.
Native extension for WindowsStandalone target not found
Refreshing native plugins compatible for Editor in 34.40 ms, found 1 plugins.
Preloading 0 native plugins for Editor in 0.00 ms.
Invoked RoslynAnalysisRunner static constructor.
RoslynAnalysisRunner will not be running.
RoslynAnalysisRunner has terminated.
Mono: successfully reloaded assembly
- Completed reload, in  4.137 seconds
Platform modules already initialized, skipping
Registering precompiled user dll's ...
Registered in 0.000563 seconds.
Begin MonoManager ReloadAssembly
Native extension for WindowsStandalone target not found
Refreshing native plugins compatible for Editor in 32.71 ms, found 1 plugins.
Preloading 0 native plugins for Editor in 0.00 ms.
Invoked RoslynAnalysisRunner static constructor.
RoslynAnalysisRunner will not be running.
RoslynAnalysisRunner has terminated.
Mono: successfully reloaded assembly
- Completed reload, in  0.864 seconds
Platform modules already initialized, skipping
========================================================================
Worker process is ready to serve import requests
Launched and connected shader compiler UnityShaderCompiler.exe after 0.04 seconds
Refreshing native plugins compatible for Editor in 0.31 ms, found 1 plugins.
Preloading 0 native plugins for Editor in 0.00 ms.
Unloading 1808 Unused Serialized files (Serialized files now loaded: 0)
System memory in use before: 84.6 MB.
System memory in use after: 84.6 MB.

Unloading 24 unused Assets to reduce memory usage. Loaded Objects now: 2251.
Total: 2.112100 ms (FindLiveObjects: 0.235800 ms CreateObjectMapping: 0.138400 ms MarkObjects: 1.624400 ms  DeleteObjects: 0.112400 ms)

========================================================================
Received Import Request.
  path: Assets/sprites
  artifactKey: Guid(47462ab7455c5dc479c3fcdc8a67899f) Importer(815301076,1909f56bfc062723c751e8b465ee728b)
Start importing Assets/sprites using Guid(47462ab7455c5dc479c3fcdc8a67899f) Importer(815301076,1909f56bfc062723c751e8b465ee728b)  -> (artifact id: '2838b3cae90395dcfad0fc28c268e43a') in 0.010358 seconds
  Import took 0.031557 seconds .

========================================================================
Received Import Request.
  Time since last request: 0.042329 seconds.
  path: Assets/sprites/png-clipart-computer-icons-graphics-neon-metallic-streamers-thumbnail.png
  artifactKey: Guid(42d7090a4cf00f64b810de0b15987c2f) Importer(815301076,1909f56bfc062723c751e8b465ee728b)
Start importing Assets/sprites/png-clipart-computer-icons-graphics-neon-metallic-streamers-thumbnail.png using Guid(42d7090a4cf00f64b810de0b15987c2f) Importer(815301076,1909f56bfc062723c751e8b465ee728b)  -> (artifact id: '0c69d1575a5e887f91dce4b1326f3294') in 0.109931 seconds
  Import took 0.121356 seconds .

========================================================================
Received Import Request.
  Time since last request: 433.698991 seconds.
  path: Assets/sprites/kisspng-computer-icons-thepix-blog-neon-icon-reinstall-clipart-5ae5191d1a0383.8895731015249636131066 (1).png
  artifactKey: Guid(967ea730d107fae499ecfecf55962142) Importer(815301076,1909f56bfc062723c751e8b465ee728b)
Start importing Assets/sprites/kisspng-computer-icons-thepix-blog-neon-icon-reinstall-clipart-5ae5191d1a0383.8895731015249636131066 (1).png using Guid(967ea730d107fae499ecfecf55962142) Importer(815301076,1909f56bfc062723c751e8b465ee728b)  -> (artifact id: '823be161c407b9127c522090441cbcfa') in 0.023654 seconds
  Import took 0.049119 seconds .

========================================================================
Received Import Request.
  Time since last request: 211.925435 seconds.
  path: Assets/sprites/kisspng-computer-icons-directory-tab-neon-icon-icon-folder-5b13fe11bf8779.6969457715280368817845.png
  artifactKey: Guid(e7250aa58a4d3054a9266011d85f3662) Importer(815301076,1909f56bfc062723c751e8b465ee728b)
Start importing Assets/sprites/kisspng-computer-icons-directory-tab-neon-icon-icon-folder-5b13fe11bf8779.6969457715280368817845.png using Guid(e7250aa58a4d3054a9266011d85f3662) Importer(815301076,1909f56bfc062723c751e8b465ee728b)  -> (artifact id: '11ffa460a471b46c66bbae0d20627619') in 0.024946 seconds
  Import took 0.056877 seconds .

========================================================================
Received Import Request.
  Time since last request: 0.000253 seconds.
  path: Assets/sprites/Фон.png
  artifactKey: Guid(215447268c0e89e4593e83c44dfa5885) Importer(815301076,1909f56bfc062723c751e8b465ee728b)
Start importing Assets/sprites/Фон.png using Guid(215447268c0e89e4593e83c44dfa5885) Importer(815301076,1909f56bfc062723c751e8b465ee728b)  -> (artifact id: '12d79db7fd7b9796d3f454ebe5eb926b') in 0.016786 seconds
  Import took 0.020533 seconds .

========================================================================
Received Import Request.
  Time since last request: 0.000243 seconds.
  path: Assets/sprites/kisspng-computer-icons-thepix-blog-neon-icon-reinstall-clipart-5ae5191d1a0383.8895731015249636131066 (1).png
  artifactKey: Guid(967ea730d107fae499ecfecf55962142) Importer(815301076,1909f56bfc062723c751e8b465ee728b)
Start importing Assets/sprites/kisspng-computer-icons-thepix-blog-neon-icon-reinstall-clipart-5ae5191d1a0383.8895731015249636131066 (1).png using Guid(967ea730d107fae499ecfecf55962142) Importer(815301076,1909f56bfc062723c751e8b465ee728b)  -> (artifact id: '0b8b9224831645713c9830efcdc5e2ba') in 0.013418 seconds
  Import took 0.016001 seconds .

========================================================================
Received Prepare
Registering precompiled user dll's ...
Registered in 0.000989 seconds.
Begin MonoManager ReloadAssembly
Native extension for WindowsStandalone target not found
Refreshing native plugins compatible for Editor in 0.33 ms, found 1 plugins.
Preloading 0 native plugins for Editor in 0.00 ms.
Invoked RoslynAnalysisRunner static constructor.
RoslynAnalysisRunner will not be running.
RoslynAnalysisRunner has terminated.
Mono: successfully reloaded assembly
- Completed reload, in  0.808 seconds
Platform modules already initialized, skipping
Refreshing native plugins compatible for Editor in 0.31 ms, found 1 plugins.
Preloading 0 native plugins for Editor in 0.00 ms.
Unloading 1803 Unused Serialized files (Serialized files now loaded: 0)
System memory in use before: 87.7 MB.
System memory in use after: 87.7 MB.

Unloading 12 unused Assets to reduce memory usage. Loaded Objects now: 2261.
Total: 1.892200 ms (FindLiveObjects: 0.203900 ms CreateObjectMapping: 0.076600 ms MarkObjects: 1.511200 ms  DeleteObjects: 0.099200 ms)

========================================================================
Received Prepare
Registering precompiled user dll's ...
Registered in 0.000862 seconds.
Begin MonoManager ReloadAssembly
Native extension for WindowsStandalone target not found
Refreshing native plugins compatible for Editor in 0.32 ms, found 1 plugins.
Preloading 0 native plugins for Editor in 0.00 ms.
Invoked RoslynAnalysisRunner static constructor.
RoslynAnalysisRunner will not be running.
RoslynAnalysisRunner has terminated.
Mono: successfully reloaded assembly
- Completed reload, in  0.787 seconds
Platform modules already initialized, skipping
Refreshing native plugins compatible for Editor in 0.30 ms, found 1 plugins.
Preloading 0 native plugins for Editor in 0.00 ms.
Unloading 1803 Unused Serialized files (Serialized files now loaded: 0)
System memory in use before: 87.7 MB.
System memory in use after: 87.7 MB.

Unloading 12 unused Assets to reduce memory usage. Loaded Objects now: 2265.
Total: 2.077900 ms (FindLiveObjects: 0.169900 ms CreateObjectMapping: 0.064300 ms MarkObjects: 1.738300 ms  DeleteObjects: 0.103500 ms)

========================================================================
Received Import Request.
  Time since last request: 515.174765 seconds.
  path: Assets/scripts/button.cs
  artifactKey: Guid(cfdd62291f0a68946907fae8f1ffc762) Importer(815301076,1909f56bfc062723c751e8b465ee728b)
Start importing Assets/scripts/button.cs using Guid(cfdd62291f0a68946907fae8f1ffc762) Importer(815301076,1909f56bfc062723c751e8b465ee728b)  -> (artifact id: 'b344a6513c44d243281a2457421f0d82') in 0.018360 seconds
  Import took 0.037256 seconds .

========================================================================
Received Import Request.
  Time since last request: 31.136920 seconds.
  path: Assets/scripts/Clicker.cs
  artifactKey: Guid(4407ef015beaf1d48b96440191e688d5) Importer(815301076,1909f56bfc062723c751e8b465ee728b)
Start importing Assets/scripts/Clicker.cs using Guid(4407ef015beaf1d48b96440191e688d5) Importer(815301076,1909f56bfc062723c751e8b465ee728b)  -> (artifact id: '92402b3c9211b866feb389756b83b7f7') in 0.007738 seconds
  Import took 0.024053 seconds .

========================================================================
Received Prepare
Registering precompiled user dll's ...
Registered in 0.000914 seconds.
Begin MonoManager ReloadAssembly
Native extension for WindowsStandalone target not found
Refreshing native plugins compatible for Editor in 0.34 ms, found 1 plugins.
Preloading 0 native plugins for Editor in 0.00 ms.
Invoked RoslynAnalysisRunner static constructor.
RoslynAnalysisRunner will not be running.
RoslynAnalysisRunner has terminated.
Mono: successfully reloaded assembly
- Completed reload, in  0.888 seconds
Platform modules already initialized, skipping
Refreshing native plugins compatible for Editor in 0.33 ms, found 1 plugins.
Preloading 0 native plugins for Editor in 0.00 ms.
Unloading 1804 Unused Serialized files (Serialized files now loaded: 0)
System memory in use before: 87.7 MB.
System memory in use after: 87.7 MB.

Unloading 12 unused Assets to reduce memory usage. Loaded Objects now: 2270.
Total: 2.074300 ms (FindLiveObjects: 0.226500 ms CreateObjectMapping: 0.088100 ms MarkObjects: 1.634800 ms  DeleteObjects: 0.123400 ms)

========================================================================
Received Prepare
Registering precompiled user dll's ...
Registered in 0.000613 seconds.
Begin MonoManager ReloadAssembly
Native extension for WindowsStandalone target not found
Refreshing native plugins compatible for Editor in 0.31 ms, found 1 plugins.
Preloading 0 native plugins for Editor in 0.00 ms.
Invoked RoslynAnalysisRunner static constructor.
RoslynAnalysisRunner will not be running.
RoslynAnalysisRunner has terminated.
Mono: successfully reloaded assembly
- Completed reload, in  0.754 seconds
Platform modules already initialized, skipping
Refreshing native plugins compatible for Editor in 0.33 ms, found 1 plugins.
Preloading 0 native plugins for Editor in 0.00 ms.
Unloading 1804 Unused Serialized files (Serialized files now loaded: 0)
System memory in use before: 87.8 MB.
System memory in use after: 87.8 MB.

Unloading 12 unused Assets to reduce memory usage. Loaded Objects now: 2274.
Total: 2.853400 ms (FindLiveObjects: 0.340400 ms CreateObjectMapping: 0.144800 ms MarkObjects: 2.206400 ms  DeleteObjects: 0.159500 ms)

========================================================================
Received Import Request.
  Time since last request: 543.837273 seconds.
  path: Assets/scripts/Clicker.cs
  artifactKey: Guid(4407ef015beaf1d48b96440191e688d5) Importer(815301076,1909f56bfc062723c751e8b465ee728b)
Start importing Assets/scripts/Clicker.cs using Guid(4407ef015beaf1d48b96440191e688d5) Importer(815301076,1909f56bfc062723c751e8b465ee728b)  -> (artifact id: '52d1e483503349ae0ef688b461aae28b') in 0.007167 seconds
  Import took 0.046567 seconds .

========================================================================
Received Prepare
Registering precompiled user dll's ...
Registered in 0.000621 seconds.
Begin MonoManager ReloadAssembly
Native extension for WindowsStandalone target not found
Refreshing native plugins compatible for Editor in 0.32 ms, found 1 plugins.
Preloading 0 native plugins for Editor in 0.00 ms.
Invoked RoslynAnalysisRunner static constructor.
RoslynAnalysisRunner will not be running.
RoslynAnalysisRunner has terminated.
Mono: successfully reloaded assembly
- Completed reload, in  0.761 seconds
Platform modules already initialized, skipping
Refreshing native plugins compatible for Editor in 0.32 ms, found 1 plugins.
Preloading 0 native plugins for Editor in 0.00 ms.
Unloading 1817 Unused Serialized files (Serialized files now loaded: 0)
System memory in use before: 89.5 MB.
System memory in use after: 88.8 MB.

Unloading 25 unused Assets to reduce memory usage. Loaded Objects now: 2278.
Total: 1.874200 ms (FindLiveObjects: 0.173100 ms CreateObjectMapping: 0.057200 ms MarkObjects: 1.327400 ms  DeleteObjects: 0.315600 ms)

========================================================================
Received Import Request.
  Time since last request: 518.412904 seconds.
  path: Assets/scripts/TapTarget.cs
  artifactKey: Guid(fb07cee9f50ae9d4e908f351ccac478f) Importer(815301076,1909f56bfc062723c751e8b465ee728b)
Start importing Assets/scripts/TapTarget.cs using Guid(fb07cee9f50ae9d4e908f351ccac478f) Importer(815301076,1909f56bfc062723c751e8b465ee728b)  -> (artifact id: '12383f36c40ee2494fda525dc27da5e2') in 0.009284 seconds
  Import took 0.012415 seconds .

========================================================================
Received Prepare
Registering precompiled user dll's ...
Registered in 0.000725 seconds.
Begin MonoManager ReloadAssembly
Native extension for WindowsStandalone target not found
Refreshing native plugins compatible for Editor in 0.33 ms, found 1 plugins.
Preloading 0 native plugins for Editor in 0.00 ms.
Invoked RoslynAnalysisRunner static constructor.
RoslynAnalysisRunner will not be running.
RoslynAnalysisRunner has terminated.
Mono: successfully reloaded assembly
- Completed reload, in  0.911 seconds
Platform modules already initialized, skipping
Refreshing native plugins compatible for Editor in 0.31 ms, found 1 plugins.
Preloading 0 native plugins for Editor in 0.00 ms.
Unloading 1818 Unused Serialized files (Serialized files now loaded: 0)
System memory in use before: 89.5 MB.
System memory in use after: 88.9 MB.

Unloading 25 unused Assets to reduce memory usage. Loaded Objects now: 2283.
Total: 3.154400 ms (FindLiveObjects: 0.452200 ms CreateObjectMapping: 0.233300 ms MarkObjects: 1.933900 ms  DeleteObjects: 0.533100 ms)

========================================================================
Received Prepare
Registering precompiled user dll's ...
Registered in 0.001077 seconds.
Begin MonoManager ReloadAssembly
Native extension for WindowsStandalone target not found
Refreshing native plugins compatible for Editor in 0.33 ms, found 1 plugins.
Preloading 0 native plugins for Editor in 0.00 ms.
Invoked RoslynAnalysisRunner static constructor.
RoslynAnalysisRunner will not be running.
RoslynAnalysisRunner has terminated.
Mono: successfully reloaded assembly
- Completed reload, in  0.789 seconds
Platform modules already initialized, skipping
Refreshing native plugins compatible for Editor in 0.36 ms, found 1 plugins.
Preloading 0 native plugins for Editor in 0.00 ms.
Unloading 1818 Unused Serialized files (Serialized files now loaded: 0)
System memory in use before: 89.5 MB.
System memory in use after: 88.9 MB.

Unloading 25 unused Assets to reduce memory usage. Loaded Objects now: 2287.
Total: 2.185900 ms (FindLiveObjects: 0.189900 ms CreateObjectMapping: 0.081500 ms MarkObjects: 1.544100 ms  DeleteObjects: 0.368900 ms)

========================================================================
Received Import Request.
  Time since last request: 197.390672 seconds.
  path: Assets/scripts/TapTarget.cs
  artifactKey: Guid(fb07cee9f50ae9d4e908f351ccac478f) Importer(815301076,1909f56bfc062723c751e8b465ee728b)
Start importing Assets/scripts/TapTarget.cs using Guid(fb07cee9f50ae9d4e908f351ccac478f) Importer(815301076,1909f56bfc062723c751e8b465ee728b)  -> (artifact id: 'a302ce5fd7f45001cd658d127975993f') in 0.007531 seconds
  Import took 0.032885 seconds .

========================================================================
Received Prepare
Registering precompiled user dll's ...
Registered in 0.000624 seconds.
Begin MonoManager ReloadAssembly
Native extension for WindowsStandalone target not found
Refreshing native plugins compatible for Editor in 0.35 ms, found 1 plugins.
Preloading 0 native plugins for Editor in 0.00 ms.
Invoked RoslynAnalysisRunner static constructor.
RoslynAnalysisRunner will not be running.
RoslynAnalysisRunner has terminated.
Mono: successfully reloaded assembly
- Completed reload, in  0.746 seconds
Platform modules already initialized, skipping
Refreshing native plugins compatible for Editor in 0.31 ms, found 1 plugins.
Preloading 0 native plugins for Editor in 0.00 ms.
Unloading 1818 Unused Serialized files (Serialized files now loaded: 0)
System memory in use before: 89.5 MB.
System memory in use after: 88.9 MB.

Unloading 25 unused Assets to reduce memory usage. Loaded Objects now: 2291.
Total: 1.915600 ms (FindLiveObjects: 0.183400 ms CreateObjectMapping: 0.077300 ms MarkObjects: 1.315400 ms  DeleteObjects: 0.338600 ms)

========================================================================
Received Prepare
Registering precompiled user dll's ...
Registered in 0.000626 seconds.
Begin MonoManager ReloadAssembly
Native extension for WindowsStandalone target not found
Refreshing native plugins compatible for Editor in 0.34 ms, found 1 plugins.
Preloading 0 native plugins for Editor in 0.00 ms.
Invoked RoslynAnalysisRunner static constructor.
RoslynAnalysisRunner will not be running.
RoslynAnalysisRunner has terminated.
Mono: successfully reloaded assembly
- Completed reload, in  0.739 seconds
Platform modules already initialized, skipping
Refreshing native plugins compatible for Editor in 0.33 ms, found 1 plugins.
Preloading 0 native plugins for Editor in 0.00 ms.
Unloading 1818 Unused Serialized files (Serialized files now loaded: 0)
System memory in use before: 89.5 MB.
System memory in use after: 88.9 MB.

Unloading 25 unused Assets to reduce memory usage. Loaded Objects now: 2295.
Total: 2.443300 ms (FindLiveObjects: 0.283000 ms CreateObjectMapping: 0.110000 ms MarkObjects: 1.671600 ms  DeleteObjects: 0.377700 ms)

========================================================================
Received Prepare
Registering precompiled user dll's ...
Registered in 0.000641 seconds.
Begin MonoManager ReloadAssembly
Native extension for WindowsStandalone target not found
Refreshing native plugins compatible for Editor in 0.31 ms, found 1 plugins.
Preloading 0 native plugins for Editor in 0.00 ms.
Invoked RoslynAnalysisRunner static constructor.
RoslynAnalysisRunner will not be running.
RoslynAnalysisRunner has terminated.
Mono: successfully reloaded assembly
- Completed reload, in  0.762 seconds
Platform modules already initialized, skipping
Refreshing native plugins compatible for Editor in 0.31 ms, found 1 plugins.
Preloading 0 native plugins for Editor in 0.00 ms.
Unloading 1818 Unused Serialized files (Serialized files now loaded: 0)
System memory in use before: 89.5 MB.
System memory in use after: 88.9 MB.

Unloading 25 unused Assets to reduce memory usage. Loaded Objects now: 2299.
Total: 1.978400 ms (FindLiveObjects: 0.196400 ms CreateObjectMapping: 0.076700 ms MarkObjects: 1.364600 ms  DeleteObjects: 0.339700 ms)

========================================================================
Received Prepare
Registering precompiled user dll's ...
Registered in 0.000616 seconds.
Begin MonoManager ReloadAssembly
Native extension for WindowsStandalone target not found
Refreshing native plugins compatible for Editor in 0.33 ms, found 1 plugins.
Preloading 0 native plugins for Editor in 0.00 ms.
Invoked RoslynAnalysisRunner static constructor.
RoslynAnalysisRunner will not be running.
RoslynAnalysisRunner has terminated.
Mono: successfully reloaded assembly
- Completed reload, in  0.749 seconds
Platform modules already initialized, skipping
Refreshing native plugins compatible for Editor in 0.31 ms, found 1 plugins.
Preloading 0 native plugins for Editor in 0.00 ms.
Unloading 1817 Unused Serialized files (Serialized files now loaded: 0)
System memory in use before: 89.5 MB.
System memory in use after: 88.9 MB.

Unloading 26 unused Assets to reduce memory usage. Loaded Objects now: 2302.
Total: 2.183600 ms (FindLiveObjects: 0.187300 ms CreateObjectMapping: 0.085300 ms MarkObjects: 1.536200 ms  DeleteObjects: 0.373700 ms)

========================================================================
Received Import Request.
  Time since last request: 762.434452 seconds.
  path: Assets/scripts/pcontroller.cs
  artifactKey: Guid(c926550a979e51c42a21e38148ae608a) Importer(815301076,1909f56bfc062723c751e8b465ee728b)
Start importing Assets/scripts/pcontroller.cs using Guid(c926550a979e51c42a21e38148ae608a) Importer(815301076,1909f56bfc062723c751e8b465ee728b)  -> (artifact id: 'b6a7e54639205e40522859a2e4dbee09') in 0.007684 seconds
  Import took 0.010957 seconds .

========================================================================
Received Prepare
Registering precompiled user dll's ...
Registered in 0.000614 seconds.
Begin MonoManager ReloadAssembly
Native extension for WindowsStandalone target not found
Refreshing native plugins compatible for Editor in 0.32 ms, found 1 plugins.
Preloading 0 native plugins for Editor in 0.00 ms.
Invoked RoslynAnalysisRunner static constructor.
RoslynAnalysisRunner will not be running.
RoslynAnalysisRunner has terminated.
Mono: successfully reloaded assembly
- Completed reload, in  0.779 seconds
Platform modules already initialized, skipping
Refreshing native plugins compatible for Editor in 0.34 ms, found 1 plugins.
Preloading 0 native plugins for Editor in 0.00 ms.
Unloading 1816 Unused Serialized files (Serialized files now loaded: 0)
System memory in use before: 89.5 MB.
System memory in use after: 88.9 MB.

Unloading 26 unused Assets to reduce memory usage. Loaded Objects now: 2305.
Total: 2.699200 ms (FindLiveObjects: 0.232000 ms CreateObjectMapping: 0.132100 ms MarkObjects: 1.895100 ms  DeleteObjects: 0.438400 ms)

========================================================================
Received Prepare
Registering precompiled user dll's ...
Registered in 0.000681 seconds.
Begin MonoManager ReloadAssembly
Native extension for WindowsStandalone target not found
Refreshing native plugins compatible for Editor in 0.31 ms, found 1 plugins.
Preloading 0 native plugins for Editor in 0.00 ms.
Invoked RoslynAnalysisRunner static constructor.
RoslynAnalysisRunner will not be running.
RoslynAnalysisRunner has terminated.
Mono: successfully reloaded assembly
- Completed reload, in  0.757 seconds
Platform modules already initialized, skipping
Refreshing native plugins compatible for Editor in 0.31 ms, found 1 plugins.
Preloading 0 native plugins for Editor in 0.00 ms.
Unloading 1817 Unused Serialized files (Serialized files now loaded: 0)
System memory in use before: 89.5 MB.
System memory in use after: 88.9 MB.

Unloading 25 unused Assets to reduce memory usage. Loaded Objects now: 2310.
Total: 2.004500 ms (FindLiveObjects: 0.157100 ms CreateObjectMapping: 0.067600 ms MarkObjects: 1.429600 ms  DeleteObjects: 0.349500 ms)

========================================================================
Received Import Request.
  Time since last request: 63.997202 seconds.
  path: Assets/scripts/NewBehaviourScript.cs
  artifactKey: Guid(687cec3b1bba32344a5f2682e1527331) Importer(815301076,1909f56bfc062723c751e8b465ee728b)
Start importing Assets/scripts/NewBehaviourScript.cs using Guid(687cec3b1bba32344a5f2682e1527331) Importer(815301076,1909f56bfc062723c751e8b465ee728b)  -> (artifact id: '284b95365df62fbc4c2dd7912ee2f8aa') in 0.006992 seconds
  Import took 0.028580 seconds .

========================================================================
Received Import Request.
  Time since last request: 160.966859 seconds.
  path: Assets/scripts/PowerAmp.cs
  artifactKey: Guid(687cec3b1bba32344a5f2682e1527331) Importer(815301076,1909f56bfc062723c751e8b465ee728b)
Start importing Assets/scripts/PowerAmp.cs using Guid(687cec3b1bba32344a5f2682e1527331) Importer(815301076,1909f56bfc062723c751e8b465ee728b)  -> (artifact id: '24548a046396d071fe1a33cfe35d4524') in 0.006665 seconds
  Import took 0.025700 seconds .

========================================================================
Received Prepare
Registering precompiled user dll's ...
Registered in 0.016325 seconds.
Begin MonoManager ReloadAssembly
Native extension for WindowsStandalone target not found
Refreshing native plugins compatible for Editor in 0.32 ms, found 1 plugins.
Preloading 0 native plugins for Editor in 0.00 ms.
Invoked RoslynAnalysisRunner static constructor.
RoslynAnalysisRunner will not be running.
RoslynAnalysisRunner has terminated.
Mono: successfully reloaded assembly
- Completed reload, in  0.759 seconds
Platform modules already initialized, skipping
Refreshing native plugins compatible for Editor in 0.33 ms, found 1 plugins.
Preloading 0 native plugins for Editor in 0.00 ms.
Unloading 1817 Unused Serialized files (Serialized files now loaded: 0)
System memory in use before: 89.5 MB.
System memory in use after: 88.9 MB.

Unloading 25 unused Assets to reduce memory usage. Loaded Objects now: 2314.
Total: 3.061700 ms (FindLiveObjects: 0.358600 ms CreateObjectMapping: 0.152600 ms MarkObjects: 2.174400 ms  DeleteObjects: 0.374500 ms)

========================================================================
Received Prepare
Registering precompiled user dll's ...
Registered in 0.000602 seconds.
Begin MonoManager ReloadAssembly
Native extension for WindowsStandalone target not found
Refreshing native plugins compatible for Editor in 0.31 ms, found 1 plugins.
Preloading 0 native plugins for Editor in 0.00 ms.
Invoked RoslynAnalysisRunner static constructor.
RoslynAnalysisRunner will not be running.
RoslynAnalysisRunner has terminated.
Mono: successfully reloaded assembly
- Completed reload, in  0.833 seconds
Platform modules already initialized, skipping
Refreshing native plugins compatible for Editor in 0.33 ms, found 1 plugins.
Preloading 0 native plugins for Editor in 0.00 ms.
Unloading 1817 Unused Serialized files (Serialized files now loaded: 0)
System memory in use before: 89.6 MB.
System memory in use after: 88.9 MB.

Unloading 25 unused Assets to reduce memory usage. Loaded Objects now: 2318.
Total: 2.145300 ms (FindLiveObjects: 0.213700 ms CreateObjectMapping: 0.100500 ms MarkObjects: 1.468500 ms  DeleteObjects: 0.361300 ms)

========================================================================
Received Import Request.
  Time since last request: 111.703702 seconds.
  path: Assets/scripts/PowerAmp.cs
  artifactKey: Guid(687cec3b1bba32344a5f2682e1527331) Importer(815301076,1909f56bfc062723c751e8b465ee728b)
Start importing Assets/scripts/PowerAmp.cs using Guid(687cec3b1bba32344a5f2682e1527331) Importer(815301076,1909f56bfc062723c751e8b465ee728b)  -> (artifact id: '60dc78876e3fabf13181bd7527c55980') in 0.003816 seconds
  Import took 0.024450 seconds .

========================================================================
Received Prepare
Registering precompiled user dll's ...
Registered in 0.000641 seconds.
Begin MonoManager ReloadAssembly
Native extension for WindowsStandalone target not found
Refreshing native plugins compatible for Editor in 0.33 ms, found 1 plugins.
Preloading 0 native plugins for Editor in 0.00 ms.
Invoked RoslynAnalysisRunner static constructor.
RoslynAnalysisRunner will not be running.
RoslynAnalysisRunner has terminated.
Mono: successfully reloaded assembly
- Completed reload, in  0.733 seconds
Platform modules already initialized, skipping
Refreshing native plugins compatible for Editor in 0.31 ms, found 1 plugins.
Preloading 0 native plugins for Editor in 0.00 ms.
Unloading 1817 Unused Serialized files (Serialized files now loaded: 0)
System memory in use before: 89.6 MB.
System memory in use after: 88.9 MB.

Unloading 25 unused Assets to reduce memory usage. Loaded Objects now: 2322.
Total: 2.566400 ms (FindLiveObjects: 0.298300 ms CreateObjectMapping: 0.104800 ms MarkObjects: 1.812100 ms  DeleteObjects: 0.349700 ms)

========================================================================
Received Import Request.
  Time since last request: 1139.598986 seconds.
  path: Assets/scripts/PowerAmp.cs
  artifactKey: Guid(687cec3b1bba32344a5f2682e1527331) Importer(815301076,1909f56bfc062723c751e8b465ee728b)
Start importing Assets/scripts/PowerAmp.cs using Guid(687cec3b1bba32344a5f2682e1527331) Importer(815301076,1909f56bfc062723c751e8b465ee728b)  -> (artifact id: 'd79ce499699aa4817a164aff8173c590') in 0.004199 seconds
  Import took 0.021343 seconds .

========================================================================
Received Import Request.
  Time since last request: 3.744269 seconds.
  path: Assets/scripts/TapTarget.cs
  artifactKey: Guid(fb07cee9f50ae9d4e908f351ccac478f) Importer(815301076,1909f56bfc062723c751e8b465ee728b)
Start importing Assets/scripts/TapTarget.cs using Guid(fb07cee9f50ae9d4e908f351ccac478f) Importer(815301076,1909f56bfc062723c751e8b465ee728b)  -> (artifact id: '66a0df3fc75d3d29bcee25f17175d40b') in 0.002937 seconds
  Import took 0.006149 seconds .

========================================================================
Received Import Request.
  Time since last request: 0.000670 seconds.
  path: Assets/scripts/TapTarget.cs
  artifactKey: Guid(fb07cee9f50ae9d4e908f351ccac478f) Importer(815301076,1909f56bfc062723c751e8b465ee728b)
Start importing Assets/scripts/TapTarget.cs using Guid(fb07cee9f50ae9d4e908f351ccac478f) Importer(815301076,1909f56bfc062723c751e8b465ee728b)  -> (artifact id: '66a0df3fc75d3d29bcee25f17175d40b') in 0.002542 seconds
  Import took 0.006189 seconds .

========================================================================
Received Import Request.
  Time since last request: 12.340680 seconds.
  path: Assets/scripts/AmpPref.cs
  artifactKey: Guid(e79aa83b16c930a4987a901a23bab264) Importer(815301076,1909f56bfc062723c751e8b465ee728b)
Start importing Assets/scripts/AmpPref.cs using Guid(e79aa83b16c930a4987a901a23bab264) Importer(815301076,1909f56bfc062723c751e8b465ee728b)  -> (artifact id: 'a1c7f8c1f0ee243517313d442bebce41') in 0.006205 seconds
  Import took 0.021465 seconds .

========================================================================
Received Prepare
Registering precompiled user dll's ...
Registered in 0.000668 seconds.
Begin MonoManager ReloadAssembly
Native extension for WindowsStandalone target not found
Refreshing native plugins compatible for Editor in 0.52 ms, found 1 plugins.
Preloading 0 native plugins for Editor in 0.00 ms.
Invoked RoslynAnalysisRunner static constructor.
RoslynAnalysisRunner will not be running.
RoslynAnalysisRunner has terminated.
Mono: successfully reloaded assembly
- Completed reload, in  1.174 seconds
Platform modules already initialized, skipping
Refreshing native plugins compatible for Editor in 0.31 ms, found 1 plugins.
Preloading 0 native plugins for Editor in 0.00 ms.
Unloading 1818 Unused Serialized files (Serialized files now loaded: 0)
System memory in use before: 89.6 MB.
System memory in use after: 89.0 MB.

Unloading 25 unused Assets to reduce memory usage. Loaded Objects now: 2327.
Total: 2.115300 ms (FindLiveObjects: 0.187300 ms CreateObjectMapping: 0.078200 ms MarkObjects: 1.465200 ms  DeleteObjects: 0.383400 ms)

========================================================================
Received Import Request.
  Time since last request: 335.408332 seconds.
  path: Assets/scripts/AmpPref.cs
  artifactKey: Guid(e79aa83b16c930a4987a901a23bab264) Importer(815301076,1909f56bfc062723c751e8b465ee728b)
Start importing Assets/scripts/AmpPref.cs using Guid(e79aa83b16c930a4987a901a23bab264) Importer(815301076,1909f56bfc062723c751e8b465ee728b)  -> (artifact id: 'ec477f4dcdfa14cd3a759484f73d6f32') in 0.006037 seconds
  Import took 0.022828 seconds .

========================================================================
Received Prepare
Registering precompiled user dll's ...
Registered in 0.000613 seconds.
Begin MonoManager ReloadAssembly
Native extension for WindowsStandalone target not found
Refreshing native plugins compatible for Editor in 0.36 ms, found 1 plugins.
Preloading 0 native plugins for Editor in 0.00 ms.
Invoked RoslynAnalysisRunner static constructor.
RoslynAnalysisRunner will not be running.
RoslynAnalysisRunner has terminated.
Mono: successfully reloaded assembly
- Completed reload, in  0.766 seconds
Platform modules already initialized, skipping
Refreshing native plugins compatible for Editor in 0.31 ms, found 1 plugins.
Preloading 0 native plugins for Editor in 0.00 ms.
Unloading 1818 Unused Serialized files (Serialized files now loaded: 0)
System memory in use before: 89.6 MB.
System memory in use after: 89.0 MB.

Unloading 25 unused Assets to reduce memory usage. Loaded Objects now: 2331.
Total: 2.575200 ms (FindLiveObjects: 0.276400 ms CreateObjectMapping: 0.193600 ms MarkObjects: 1.757500 ms  DeleteObjects: 0.346100 ms)

========================================================================
Received Prepare
Registering precompiled user dll's ...
Registered in 0.000599 seconds.
Begin MonoManager ReloadAssembly
Native extension for WindowsStandalone target not found
Refreshing native plugins compatible for Editor in 0.31 ms, found 1 plugins.
Preloading 0 native plugins for Editor in 0.00 ms.
Invoked RoslynAnalysisRunner static constructor.
RoslynAnalysisRunner will not be running.
RoslynAnalysisRunner has terminated.
Mono: successfully reloaded assembly
- Completed reload, in  0.752 seconds
Platform modules already initialized, skipping
Refreshing native plugins compatible for Editor in 0.31 ms, found 1 plugins.
Preloading 0 native plugins for Editor in 0.00 ms.
Unloading 1818 Unused Serialized files (Serialized files now loaded: 0)
System memory in use before: 89.6 MB.
System memory in use after: 89.0 MB.

Unloading 25 unused Assets to reduce memory usage. Loaded Objects now: 2335.
Total: 2.289800 ms (FindLiveObjects: 0.228300 ms CreateObjectMapping: 0.084600 ms MarkObjects: 1.616600 ms  DeleteObjects: 0.358900 ms)

========================================================================
Received Prepare
Registering precompiled user dll's ...
Registered in 0.000586 seconds.
Begin MonoManager ReloadAssembly
Native extension for WindowsStandalone target not found
Refreshing native plugins compatible for Editor in 0.31 ms, found 1 plugins.
Preloading 0 native plugins for Editor in 0.00 ms.
Invoked RoslynAnalysisRunner static constructor.
RoslynAnalysisRunner will not be running.
RoslynAnalysisRunner has terminated.
Mono: successfully reloaded assembly
- Completed reload, in  0.854 seconds
Platform modules already initialized, skipping
Refreshing native plugins compatible for Editor in 0.34 ms, found 1 plugins.
Preloading 0 native plugins for Editor in 0.00 ms.
Unloading 1818 Unused Serialized files (Serialized files now loaded: 0)
System memory in use before: 89.6 MB.
System memory in use after: 89.0 MB.

Unloading 25 unused Assets to reduce memory usage. Loaded Objects now: 2339.
Total: 2.009600 ms (FindLiveObjects: 0.221100 ms CreateObjectMapping: 0.073600 ms MarkObjects: 1.360200 ms  DeleteObjects: 0.353400 ms)

========================================================================
Received Prepare
Registering precompiled user dll's ...
Registered in 0.000882 seconds.
Begin MonoManager ReloadAssembly
Native extension for WindowsStandalone target not found
Refreshing native plugins compatible for Editor in 0.34 ms, found 1 plugins.
Preloading 0 native plugins for Editor in 0.00 ms.
Invoked RoslynAnalysisRunner static constructor.
RoslynAnalysisRunner will not be running.
RoslynAnalysisRunner has terminated.
Mono: successfully reloaded assembly
- Completed reload, in  0.725 seconds
Platform modules already initialized, skipping
Refreshing native plugins compatible for Editor in 0.34 ms, found 1 plugins.
Preloading 0 native plugins for Editor in 0.00 ms.
Unloading 1818 Unused Serialized files (Serialized files now loaded: 0)
System memory in use before: 89.6 MB.
System memory in use after: 89.0 MB.

Unloading 25 unused Assets to reduce memory usage. Loaded Objects now: 2343.
Total: 2.150200 ms (FindLiveObjects: 0.187100 ms CreateObjectMapping: 0.072000 ms MarkObjects: 1.539500 ms  DeleteObjects: 0.350300 ms)

========================================================================
Received Prepare
Registering precompiled user dll's ...
Registered in 0.000900 seconds.
Begin MonoManager ReloadAssembly
Native extension for WindowsStandalone target not found
Refreshing native plugins compatible for Editor in 0.34 ms, found 1 plugins.
Preloading 0 native plugins for Editor in 0.00 ms.
Invoked RoslynAnalysisRunner static constructor.
RoslynAnalysisRunner will not be running.
RoslynAnalysisRunner has terminated.
Mono: successfully reloaded assembly
- Completed reload, in  0.878 seconds
Platform modules already initialized, skipping
Refreshing native plugins compatible for Editor in 0.44 ms, found 1 plugins.
Preloading 0 native plugins for Editor in 0.00 ms.
Unloading 1818 Unused Serialized files (Serialized files now loaded: 0)
System memory in use before: 89.6 MB.
System memory in use after: 89.0 MB.

Unloading 25 unused Assets to reduce memory usage. Loaded Objects now: 2347.
Total: 2.525800 ms (FindLiveObjects: 0.269000 ms CreateObjectMapping: 0.120700 ms MarkObjects: 1.763700 ms  DeleteObjects: 0.371000 ms)

========================================================================
Received Prepare
Registering precompiled user dll's ...
Registered in 0.000859 seconds.
Begin MonoManager ReloadAssembly
Native extension for WindowsStandalone target not found
Refreshing native plugins compatible for Editor in 0.32 ms, found 1 plugins.
Preloading 0 native plugins for Editor in 0.00 ms.
Invoked RoslynAnalysisRunner static constructor.
RoslynAnalysisRunner will not be running.
RoslynAnalysisRunner has terminated.
Mono: successfully reloaded assembly
- Completed reload, in  0.703 seconds
Platform modules already initialized, skipping
Refreshing native plugins compatible for Editor in 0.31 ms, found 1 plugins.
Preloading 0 native plugins for Editor in 0.00 ms.
Unloading 1818 Unused Serialized files (Serialized files now loaded: 0)
System memory in use before: 89.6 MB.
System memory in use after: 89.0 MB.

Unloading 25 unused Assets to reduce memory usage. Loaded Objects now: 2351.
Total: 2.002900 ms (FindLiveObjects: 0.211500 ms CreateObjectMapping: 0.097800 ms MarkObjects: 1.348400 ms  DeleteObjects: 0.344300 ms)

========================================================================
Received Prepare
Registering precompiled user dll's ...
Registered in 0.000619 seconds.
Begin MonoManager ReloadAssembly
Native extension for WindowsStandalone target not found
Refreshing native plugins compatible for Editor in 0.32 ms, found 1 plugins.
Preloading 0 native plugins for Editor in 0.00 ms.
Invoked RoslynAnalysisRunner static constructor.
RoslynAnalysisRunner will not be running.
RoslynAnalysisRunner has terminated.
Mono: successfully reloaded assembly
- Completed reload, in  0.736 seconds
Platform modules already initialized, skipping
Refreshing native plugins compatible for Editor in 0.31 ms, found 1 plugins.
Preloading 0 native plugins for Editor in 0.00 ms.
Unloading 1818 Unused Serialized files (Serialized files now loaded: 0)
System memory in use before: 89.7 MB.
System memory in use after: 89.0 MB.

Unloading 25 unused Assets to reduce memory usage. Loaded Objects now: 2355.
Total: 2.176200 ms (FindLiveObjects: 0.191000 ms CreateObjectMapping: 0.070100 ms MarkObjects: 1.530300 ms  DeleteObjects: 0.383100 ms)

========================================================================
Received Prepare
Registering precompiled user dll's ...
Registered in 0.000594 seconds.
Begin MonoManager ReloadAssembly
Native extension for WindowsStandalone target not found
Refreshing native plugins compatible for Editor in 0.51 ms, found 1 plugins.
Preloading 0 native plugins for Editor in 0.00 ms.
Invoked RoslynAnalysisRunner static constructor.
RoslynAnalysisRunner will not be running.
RoslynAnalysisRunner has terminated.
Mono: successfully reloaded assembly
- Completed reload, in  0.754 seconds
Platform modules already initialized, skipping
Refreshing native plugins compatible for Editor in 0.31 ms, found 1 plugins.
Preloading 0 native plugins for Editor in 0.00 ms.
Unloading 1818 Unused Serialized files (Serialized files now loaded: 0)
System memory in use before: 89.7 MB.
System memory in use after: 89.1 MB.

Unloading 25 unused Assets to reduce memory usage. Loaded Objects now: 2359.
Total: 1.898700 ms (FindLiveObjects: 0.176600 ms CreateObjectMapping: 0.067300 ms MarkObjects: 1.301200 ms  DeleteObjects: 0.352400 ms)

AssetImportWorkerClient::OnTransportError - code=2 error=End of file
